<?xml version="1.0" encoding="UTF-8"?>
<coverage generated="1611271517591" clover="3.2.0">
  <project timestamp="1611271517591" name="All files">
    <metrics statements="8" coveredstatements="0" conditionals="0" coveredconditionals="0" methods="4" coveredmethods="0" elements="12" coveredelements="0" complexity="0" loc="8" ncloc="8" packages="1" files="1" classes="1"/>
    <file name="testingFunctions.js" path="/Users/danielhe/Google Drive/8 Coding/Galvanize/Hack Reactor/FEC/src/testingFunctions.js">
      <metrics statements="8" coveredstatements="0" conditionals="0" coveredconditionals="0" methods="4" coveredmethods="0"/>
      <line num="3" count="0" type="stmt"/>
      <line num="4" count="0" type="stmt"/>
      <line num="7" count="0" type="stmt"/>
      <line num="8" count="0" type="stmt"/>
      <line num="9" count="0" type="stmt"/>
      <line num="10" count="0" type="stmt"/>
      <line num="12" count="0" type="stmt"/>
      <line num="14" count="0" type="stmt"/>
    </file>
  </project>
</coverage>
